<?xml version="1.0" encoding="UTF-8"?>
<!-- Generated by org.testng.reporters.JUnitReportReporter -->
<testsuite hostname="DESKTOP-4II7HOP" failures="0" tests="1" name="amazon.amazonlogin" time="12.420" errors="0" timestamp="2023-03-14T15:52:09 IST" skipped="0">
  <testcase classname="amazon.amazonlogin" name="testScripts" time="12.420"/>
  <system-out/>
</testsuite> <!-- amazon.amazonlogin -->
